<html>
<head>
<title>TestNG:  Test</title>
<link href="../testng.css" rel="stylesheet" type="text/css" />
<link href="../my-testng.css" rel="stylesheet" type="text/css" />

<style type="text/css">
.log { display: none;} 
.stack-trace { display: none;} 
</style>
<script type="text/javascript">
<!--
function flip(e) {
  current = e.style.display;
  if (current == 'block') {
    e.style.display = 'none';
    return 0;
  }
  else {
    e.style.display = 'block';
    return 1;
  }
}

function toggleBox(szDivId, elem, msg1, msg2)
{
  var res = -1;  if (document.getElementById) {
    res = flip(document.getElementById(szDivId));
  }
  else if (document.all) {
    // this is the way old msie versions work
    res = flip(document.all[szDivId]);
  }
  if(elem) {
    if(res == 0) elem.innerHTML = msg1; else elem.innerHTML = msg2;
  }

}

function toggleAllBoxes() {
  if (document.getElementsByTagName) {
    d = document.getElementsByTagName('div');
    for (i = 0; i < d.length; i++) {
      if (d[i].className == 'log') {
        flip(d[i]);
      }
    }
  }
}

// -->
</script>

</head>
<body>
<h2 align='center'>Test</h2><table border='1' align="center">
<tr>
<td>Tests passed/Failed/Skipped:</td><td>8/1/1</td>
</tr><tr>
<td>Started on:</td><td>Sat Jul 13 19:15:49 IST 2024</td>
</tr>
<tr><td>Total time:</td><td>173 seconds (173628 ms)</td>
</tr><tr>
<td>Included groups:</td><td></td>
</tr><tr>
<td>Excluded groups:</td><td></td>
</tr>
</table><p/>
<small><i>(Hover the method name to see the test class name)</i></small><p/>
<table width='100%' border='1' class='invocation-failed'>
<tr><td colspan='4' align='center'><b>FAILED TESTS</b></td></tr>
<tr><td><b>Test method</b></td>
<td><b>Attribute(s)</b></td>
<td width="30%"><b>Exception</b></td>
<td width="10%"><b>Time (seconds)</b></td>
<td><b>Instance</b></td>
</tr>
<tr>
<td title='tests.Login.verifyLoginFunctionality()'><b>verifyLoginFunctionality</b><br>Test class: tests.Login<br>Parameters: {Runmode=Y, ExpectedResult=Failure, Username=arunbatch3@gmail.com, Browser=Edge, Password=abcmn}</td>
<td><div><pre>java.lang.AssertionError: expected [false] but found [true]
	at tests.Login.verifyLoginFunctionality(Login.java:62)
	at java.base/java.util.ArrayList.forEach(ArrayList.java:1596)
... Removed 29 stack frames</pre></div><a href='#' onClick='toggleBox("stack-trace1024240671", this, "Click to show all stack frames", "Click to hide stack frames")'>Click to show all stack frames</a>
<div class='stack-trace' id='stack-trace1024240671'><pre>java.lang.AssertionError: expected [false] but found [true]
	at org.testng.Assert.fail(Assert.java:111)
	at org.testng.Assert.failNotEquals(Assert.java:1578)
	at org.testng.Assert.assertFalse(Assert.java:79)
	at org.testng.Assert.assertFalse(Assert.java:89)
	at tests.Login.verifyLoginFunctionality(Login.java:62)
	at java.base/jdk.internal.reflect.DirectMethodHandleAccessor.invoke(DirectMethodHandleAccessor.java:103)
	at java.base/java.lang.reflect.Method.invoke(Method.java:580)
	at org.testng.internal.invokers.MethodInvocationHelper.invokeMethod(MethodInvocationHelper.java:141)
	at org.testng.internal.invokers.TestInvoker.invokeMethod(TestInvoker.java:686)
	at org.testng.internal.invokers.TestInvoker.invokeTestMethod(TestInvoker.java:230)
	at org.testng.internal.invokers.MethodRunner.runInSequence(MethodRunner.java:63)
	at org.testng.internal.invokers.TestInvoker$MethodInvocationAgent.invoke(TestInvoker.java:992)
	at org.testng.internal.invokers.TestInvoker.invokeTestMethods(TestInvoker.java:203)
	at org.testng.internal.invokers.TestMethodWorker.invokeTestMethods(TestMethodWorker.java:154)
	at org.testng.internal.invokers.TestMethodWorker.run(TestMethodWorker.java:134)
	at java.base/java.util.ArrayList.forEach(ArrayList.java:1596)
	at org.testng.TestRunner.privateRun(TestRunner.java:739)
	at org.testng.TestRunner.run(TestRunner.java:614)
	at org.testng.SuiteRunner.runTest(SuiteRunner.java:421)
	at org.testng.SuiteRunner.runSequentially(SuiteRunner.java:413)
	at org.testng.SuiteRunner.privateRun(SuiteRunner.java:373)
	at org.testng.SuiteRunner.run(SuiteRunner.java:312)
	at org.testng.SuiteRunnerWorker.runSuite(SuiteRunnerWorker.java:52)
	at org.testng.SuiteRunnerWorker.run(SuiteRunnerWorker.java:95)
	at org.testng.TestNG.runSuitesSequentially(TestNG.java:1274)
	at org.testng.TestNG.runSuitesLocally(TestNG.java:1208)
	at org.testng.TestNG.runSuites(TestNG.java:1112)
	at org.testng.TestNG.run(TestNG.java:1079)
	at org.testng.remote.AbstractRemoteTestNG.run(AbstractRemoteTestNG.java:115)
	at org.testng.remote.RemoteTestNG.initAndRun(RemoteTestNG.java:293)
	at org.testng.remote.RemoteTestNG.main(RemoteTestNG.java:91)
</pre></div></td>
<td>13</td>
<td>tests.Login@3fc2959f</td></tr>
</table><p>
<table width='100%' border='1' class='invocation-passed'>
<tr><td colspan='4' align='center'><b>PASSED TESTS</b></td></tr>
<tr><td><b>Test method</b></td>
<td><b>Attribute(s)</b></td>
<td width="30%"><b>Exception</b></td>
<td width="10%"><b>Time (seconds)</b></td>
<td><b>Instance</b></td>
</tr>
<tr>
<td title='tests.Register.verifyRegisterFunctionality()'><b>verifyRegisterFunctionality</b><br>Test class: tests.Register<br>Parameters: {Email=autogenerate, ExpectedResult=Success, Telephone=1.234567893E9, FirstName=Facebook, PasswordConfirm=opqrs, Runmode=Y, LastName=Zukerburg, Browser=Edge, Password=opqrs}</td>
<td></td>
<td>17</td>
<td>tests.Register@65fb9ffc</td></tr>
<tr>
<td title='tests.Login.verifyLoginFunctionality()'><b>verifyLoginFunctionality</b><br>Test class: tests.Login<br>Parameters: {Runmode=Y, ExpectedResult=Success, Username=arunbatch1@gmail.com, Browser=Chrome, Password=abcde}</td>
<td></td>
<td>10</td>
<td>tests.Login@3fc2959f</td></tr>
<tr>
<td title='tests.Search.verifySearchFunctionality()'><b>verifySearchFunctionality</b><br>Test class: tests.Search<br>Parameters: {ExpectedProduct=HP LP3065, Runmode=Y, ExpectedResult=Success, SearchText=HP, Browser=Firefox}</td>
<td></td>
<td>17</td>
<td>tests.Search@5aa9e4eb</td></tr>
<tr>
<td title='tests.Register.verifyRegisterFunctionality()'><b>verifyRegisterFunctionality</b><br>Test class: tests.Register<br>Parameters: {Email=autogenerate, ExpectedResult=Success, Telephone=1.234567892E9, FirstName=Microsoft, PasswordConfirm=jklmn, Runmode=Y, LastName=Nadella, Browser=Firefox, Password=jklmn}</td>
<td></td>
<td>21</td>
<td>tests.Register@65fb9ffc</td></tr>
<tr>
<td title='tests.Login.verifyLoginFunctionality()'><b>verifyLoginFunctionality</b><br>Test class: tests.Login<br>Parameters: {Runmode=Y, ExpectedResult=Success, Username=arunbatch2@gmail.com, Browser=Firefox, Password=xyzab}</td>
<td></td>
<td>20</td>
<td>tests.Login@3fc2959f</td></tr>
<tr>
<td title='tests.Search.verifySearchFunctionality()'><b>verifySearchFunctionality</b><br>Test class: tests.Search<br>Parameters: {ExpectedProduct=There is no product that matches the search criteria., Runmode=Y, ExpectedResult=Failure, SearchText=Wipro, Browser=Edge}</td>
<td></td>
<td>10</td>
<td>tests.Search@5aa9e4eb</td></tr>
<tr>
<td title='tests.Search.verifySearchFunctionality()'><b>verifySearchFunctionality</b><br>Test class: tests.Search<br>Parameters: {ExpectedProduct=There is no product that matches the search criteria., Runmode=Y, ExpectedResult=Failure, SearchText=Honda, Browser=Chrome}</td>
<td></td>
<td>8</td>
<td>tests.Search@5aa9e4eb</td></tr>
<tr>
<td title='tests.Register.verifyRegisterFunctionality()'><b>verifyRegisterFunctionality</b><br>Test class: tests.Register<br>Parameters: {Email=autogenerate, ExpectedResult=Success, Telephone=1.23456789E9, FirstName=Kishore, PasswordConfirm=abcde, Runmode=Y, LastName=Ravi, Browser=Firefox, Password=abcde}</td>
<td></td>
<td>30</td>
<td>tests.Register@65fb9ffc</td></tr>
</table><p>
<table width='100%' border='1' class='invocation-skipped'>
<tr><td colspan='4' align='center'><b>SKIPPED TESTS</b></td></tr>
<tr><td><b>Test method</b></td>
<td><b>Attribute(s)</b></td>
<td width="30%"><b>Exception</b></td>
<td width="10%"><b>Time (seconds)</b></td>
<td><b>Instance</b></td>
</tr>
<tr>
<td title='tests.Register.verifyRegisterFunctionality()'><b>verifyRegisterFunctionality</b><br>Test class: tests.Register<br>Parameters: {Email=autogenerate, ExpectedResult=Success, Telephone=1.234567891E9, FirstName=Google, PasswordConfirm=efghi, Runmode=N, LastName=Pichai, Browser=Chrome, Password=efghi}</td>
<td><div><pre>org.testng.SkipException: Run mode is set N, hence test got skipped
	at tests.Register.verifyRegisterFunctionality(Register.java:43)
	at java.base/java.util.ArrayList.forEach(ArrayList.java:1596)
... Removed 25 stack frames</pre></div><a href='#' onClick='toggleBox("stack-trace1880869198", this, "Click to show all stack frames", "Click to hide stack frames")'>Click to show all stack frames</a>
<div class='stack-trace' id='stack-trace1880869198'><pre>org.testng.SkipException: Run mode is set N, hence test got skipped
	at tests.Register.verifyRegisterFunctionality(Register.java:43)
	at java.base/jdk.internal.reflect.DirectMethodHandleAccessor.invoke(DirectMethodHandleAccessor.java:103)
	at java.base/java.lang.reflect.Method.invoke(Method.java:580)
	at org.testng.internal.invokers.MethodInvocationHelper.invokeMethod(MethodInvocationHelper.java:141)
	at org.testng.internal.invokers.TestInvoker.invokeMethod(TestInvoker.java:686)
	at org.testng.internal.invokers.TestInvoker.invokeTestMethod(TestInvoker.java:230)
	at org.testng.internal.invokers.MethodRunner.runInSequence(MethodRunner.java:63)
	at org.testng.internal.invokers.TestInvoker$MethodInvocationAgent.invoke(TestInvoker.java:992)
	at org.testng.internal.invokers.TestInvoker.invokeTestMethods(TestInvoker.java:203)
	at org.testng.internal.invokers.TestMethodWorker.invokeTestMethods(TestMethodWorker.java:154)
	at org.testng.internal.invokers.TestMethodWorker.run(TestMethodWorker.java:134)
	at java.base/java.util.ArrayList.forEach(ArrayList.java:1596)
	at org.testng.TestRunner.privateRun(TestRunner.java:739)
	at org.testng.TestRunner.run(TestRunner.java:614)
	at org.testng.SuiteRunner.runTest(SuiteRunner.java:421)
	at org.testng.SuiteRunner.runSequentially(SuiteRunner.java:413)
	at org.testng.SuiteRunner.privateRun(SuiteRunner.java:373)
	at org.testng.SuiteRunner.run(SuiteRunner.java:312)
	at org.testng.SuiteRunnerWorker.runSuite(SuiteRunnerWorker.java:52)
	at org.testng.SuiteRunnerWorker.run(SuiteRunnerWorker.java:95)
	at org.testng.TestNG.runSuitesSequentially(TestNG.java:1274)
	at org.testng.TestNG.runSuitesLocally(TestNG.java:1208)
	at org.testng.TestNG.runSuites(TestNG.java:1112)
	at org.testng.TestNG.run(TestNG.java:1079)
	at org.testng.remote.AbstractRemoteTestNG.run(AbstractRemoteTestNG.java:115)
	at org.testng.remote.RemoteTestNG.initAndRun(RemoteTestNG.java:293)
	at org.testng.remote.RemoteTestNG.main(RemoteTestNG.java:91)
</pre></div></td>
<td>0</td>
<td>tests.Register@65fb9ffc</td></tr>
</table><p>
</body>
</html>