<?xml version="1.0" encoding="UTF-8"?>
<!-- Generated by org.testng.reporters.JUnitXMLReporter -->
<testsuite ignored="0" hostname="ArunMotoori" failures="1" tests="10" name="Test" time="173.628" errors="0" timestamp="2024-07-13T19:18:43 IST">
  <testcase classname="tests.Register" name="verifyRegisterFunctionality" time="30.043"/>
  <testcase classname="tests.Register" name="verifyRegisterFunctionality" time="0.019">
    <skipped/>
  </testcase> <!-- verifyRegisterFunctionality -->
  <testcase classname="tests.Register" name="verifyRegisterFunctionality" time="21.577"/>
  <testcase classname="tests.Register" name="verifyRegisterFunctionality" time="17.104"/>
  <testcase classname="tests.Login" name="verifyLoginFunctionality" time="10.908"/>
  <testcase classname="tests.Login" name="verifyLoginFunctionality" time="20.581"/>
  <testcase classname="tests.Login" name="verifyLoginFunctionality" time="13.186">
    <failure type="java.lang.AssertionError" message="expected [false] but found [true]">
      <![CDATA[java.lang.AssertionError: expected [false] but found [true]
at tests.Login.verifyLoginFunctionality(Login.java:62)
at java.base/java.util.ArrayList.forEach(ArrayList.java:1596)
... Removed 29 stack frames]]>
    </failure>
  </testcase> <!-- verifyLoginFunctionality -->
  <testcase classname="tests.Search" name="verifySearchFunctionality" time="17.929"/>
  <testcase classname="tests.Search" name="verifySearchFunctionality" time="8.669"/>
  <testcase classname="tests.Search" name="verifySearchFunctionality" time="10.93"/>
</testsuite> <!-- Test -->
