<!DOCTYPE html PUBLIC "-//W3C//DTD XHTML 1.1//EN" "https://www.w3.org/TR/xhtml11/DTD/xhtml11.dtd">
<html xmlns="https://www.w3.org/1999/xhtml">
<head>
<meta http-equiv="content-type" content="text/html; charset=UTF-8"/>
<title>TestNG Report</title>
<style type="text/css">table {margin-bottom:10px;border-collapse:collapse;empty-cells:show}th,td {border:1px solid #009;padding:.25em .5em}th {vertical-align:bottom}td {vertical-align:top}table a {font-weight:bold}.stripe td {background-color: #E6EBF9}.num {text-align:right}.passedodd td {background-color: #3F3}.passedeven td {background-color: #0A0}.skippedodd td {background-color: #DDD}.skippedeven td {background-color: #CCC}.failedodd td,.attn {background-color: #F33}.failedeven td,.stripe .attn {background-color: #D00}.stacktrace {white-space:pre;font-family:monospace}.totop {font-size:85%;text-align:center;border-bottom:2px solid #000}.invisible {display:none}</style>
</head>
<body>
<table>
<tr><th>Test</th><th># Passed</th><th># Skipped</th><th># Retried</th><th># Failed</th><th>Time (ms)</th><th>Included Groups</th><th>Excluded Groups</th></tr>
<tr><th colspan="8">Suite</th></tr>
<tr><td><a href="#t0">Test</a></td><td class="num">8</td><td class="num attn">1</td><td class="num">0</td><td class="num attn">1</td><td class="num">164,956</td><td></td><td></td></tr>
</table>
<table id='summary'><thead><tr><th>Class</th><th>Method</th><th>Start</th><th>Time (ms)</th></tr></thead><tbody><tr><th colspan="4">Suite</th></tr></tbody><tbody id="t0"><tr><th colspan="4">Test &#8212; failed</th></tr><tr class="failedeven"><td rowspan="1">tests.Login</td><td><a href="#m0">verifyLoginFunctionality</a></td><td rowspan="1">1720969671097</td><td rowspan="1">11201</td></tr><tr><th colspan="4">Test &#8212; skipped</th></tr><tr class="skippedeven"><td rowspan="1">tests.Register</td><td><a href="#m1">verifyRegisterFunctionality</a></td><td rowspan="1">1720969594229</td><td rowspan="1">6</td></tr><tr><th colspan="4">Test &#8212; passed</th></tr><tr class="passedeven"><td rowspan="2">tests.Login</td><td><a href="#m2">verifyLoginFunctionality</a></td><td rowspan="2">1720969635597</td><td rowspan="2">10916</td></tr><tr class="passedeven"><td><a href="#m3">verifyLoginFunctionality</a></td></tr><tr class="passedodd"><td rowspan="3">tests.Register</td><td><a href="#m4">verifyRegisterFunctionality</a></td><td rowspan="3">1720969594255</td><td rowspan="3">22028</td></tr><tr class="passedodd"><td><a href="#m5">verifyRegisterFunctionality</a></td></tr><tr class="passedodd"><td><a href="#m6">verifyRegisterFunctionality</a></td></tr><tr class="passedeven"><td rowspan="3">tests.Search</td><td><a href="#m7">verifySearchFunctionality</a></td><td rowspan="3">1720969705638</td><td rowspan="3">8818</td></tr><tr class="passedeven"><td><a href="#m8">verifySearchFunctionality</a></td></tr><tr class="passedeven"><td><a href="#m9">verifySearchFunctionality</a></td></tr></tbody>
</table>
<h2>Test</h2><h3 id="m0">tests.Login#verifyLoginFunctionality</h3><table class="result"><tr class="param"><th>Parameter #1</th></tr><tr class="param stripe"><td>{Runmode=Y, ExpectedResult=Failure, Username=arunbatch3@gmail.com, Browser=Edge, Password=abcmn}</td></tr><tr><th>Exception</th></tr><tr><td><div class="stacktrace">java.lang.AssertionError: expected [false] but found [true]
	at tests.Login.verifyLoginFunctionality(Login.java:62)
	at java.base/java.util.ArrayList.forEach(ArrayList.java:1596)
... Removed 29 stack frames</div></td></tr></table><p class="totop"><a href="#summary">back to summary</a></p>
<h3 id="m1">tests.Register#verifyRegisterFunctionality</h3><table class="result"><tr class="param"><th>Parameter #1</th></tr><tr class="param stripe"><td>{Email=autogenerate, ExpectedResult=Success, Telephone=1.234567891E9, FirstName=Google, PasswordConfirm=efghi, Runmode=N, LastName=Pichai, Browser=Chrome, Password=efghi}</td></tr><tr><th>Exception</th></tr><tr><td><div class="stacktrace">org.testng.SkipException: Run mode is set N, hence test got skipped
	at tests.Register.verifyRegisterFunctionality(Register.java:43)
	at java.base/java.util.ArrayList.forEach(ArrayList.java:1596)
... Removed 25 stack frames</div></td></tr></table><p class="totop"><a href="#summary">back to summary</a></p>
<h3 id="m2">tests.Login#verifyLoginFunctionality</h3><table class="result"><tr class="param"><th>Parameter #1</th></tr><tr class="param stripe"><td>{Runmode=Y, ExpectedResult=Success, Username=arunbatch1@gmail.com, Browser=Chrome, Password=abcde}</td></tr></table><p class="totop"><a href="#summary">back to summary</a></p>
<h3 id="m3">tests.Login#verifyLoginFunctionality</h3><table class="result"><tr class="param"><th>Parameter #1</th></tr><tr class="param stripe"><td>{Runmode=Y, ExpectedResult=Success, Username=arunbatch2@gmail.com, Browser=Firefox, Password=xyzab}</td></tr></table><p class="totop"><a href="#summary">back to summary</a></p>
<h3 id="m4">tests.Register#verifyRegisterFunctionality</h3><table class="result"><tr class="param"><th>Parameter #1</th></tr><tr class="param stripe"><td>{Email=autogenerate, ExpectedResult=Success, Telephone=1.234567892E9, FirstName=Microsoft, PasswordConfirm=jklmn, Runmode=Y, LastName=Nadella, Browser=Firefox, Password=jklmn}</td></tr></table><p class="totop"><a href="#summary">back to summary</a></p>
<h3 id="m5">tests.Register#verifyRegisterFunctionality</h3><table class="result"><tr class="param"><th>Parameter #1</th></tr><tr class="param stripe"><td>{Email=autogenerate, ExpectedResult=Success, Telephone=1.234567893E9, FirstName=Facebook, PasswordConfirm=opqrs, Runmode=Y, LastName=Zukerburg, Browser=Edge, Password=opqrs}</td></tr></table><p class="totop"><a href="#summary">back to summary</a></p>
<h3 id="m6">tests.Register#verifyRegisterFunctionality</h3><table class="result"><tr class="param"><th>Parameter #1</th></tr><tr class="param stripe"><td>{Email=autogenerate, ExpectedResult=Success, Telephone=1.23456789E9, FirstName=Kishore, PasswordConfirm=abcde, Runmode=Y, LastName=Ravi, Browser=Firefox, Password=abcde}</td></tr></table><p class="totop"><a href="#summary">back to summary</a></p>
<h3 id="m7">tests.Search#verifySearchFunctionality</h3><table class="result"><tr class="param"><th>Parameter #1</th></tr><tr class="param stripe"><td>{ExpectedProduct=There is no product that matches the search criteria., Runmode=Y, ExpectedResult=Failure, SearchText=Honda, Browser=Chrome}</td></tr></table><p class="totop"><a href="#summary">back to summary</a></p>
<h3 id="m8">tests.Search#verifySearchFunctionality</h3><table class="result"><tr class="param"><th>Parameter #1</th></tr><tr class="param stripe"><td>{ExpectedProduct=There is no product that matches the search criteria., Runmode=Y, ExpectedResult=Failure, SearchText=Wipro, Browser=Edge}</td></tr></table><p class="totop"><a href="#summary">back to summary</a></p>
<h3 id="m9">tests.Search#verifySearchFunctionality</h3><table class="result"><tr class="param"><th>Parameter #1</th></tr><tr class="param stripe"><td>{ExpectedProduct=HP LP3065, Runmode=Y, ExpectedResult=Success, SearchText=HP, Browser=Firefox}</td></tr></table><p class="totop"><a href="#summary">back to summary</a></p>
</body>
</html>
