<?xml version="1.0" encoding="UTF-8"?>
<testng-results ignored="0" total="10" passed="8" failed="1" skipped="1">
  <reporter-output>
  </reporter-output>
  <suite started-at="2024-07-13T19:15:49 IST" name="Suite" finished-at="2024-07-13T19:18:42 IST" duration-ms="173628">
    <groups>
    </groups>
    <test started-at="2024-07-13T19:15:49 IST" name="Test" finished-at="2024-07-13T19:18:42 IST" duration-ms="173628">
      <class name="tests.Login">
        <test-method signature="verifyLoginFunctionality(java.util.HashMap)[pri:0, instance:tests.Login@3fc2959f]" started-at="2024-07-13T19:17:09 IST" name="verifyLoginFunctionality" data-provider="dataSupplierOne" finished-at="2024-07-13T19:17:20 IST" duration-ms="10908" status="PASS">
          <params>
            <param index="0">
              <value>
                <![CDATA[{Runmode=Y, ExpectedResult=Success, Username=arunbatch1@gmail.com, Browser=Chrome, Password=abcde}]]>
              </value>
            </param>
          </params>
          <reporter-output>
          </reporter-output>
        </test-method> <!-- verifyLoginFunctionality -->
        <test-method is-config="true" signature="tearDown()[pri:0, instance:tests.Login@3fc2959f]" started-at="2024-07-13T19:17:20 IST" name="tearDown" finished-at="2024-07-13T19:17:21 IST" duration-ms="774" status="PASS">
          <reporter-output>
          </reporter-output>
        </test-method> <!-- tearDown -->
        <test-method signature="verifyLoginFunctionality(java.util.HashMap)[pri:0, instance:tests.Login@3fc2959f]" started-at="2024-07-13T19:17:21 IST" name="verifyLoginFunctionality" data-provider="dataSupplierOne" finished-at="2024-07-13T19:17:41 IST" duration-ms="20581" status="PASS">
          <params>
            <param index="0">
              <value>
                <![CDATA[{Runmode=Y, ExpectedResult=Success, Username=arunbatch2@gmail.com, Browser=Firefox, Password=xyzab}]]>
              </value>
            </param>
          </params>
          <reporter-output>
          </reporter-output>
        </test-method> <!-- verifyLoginFunctionality -->
        <test-method is-config="true" signature="tearDown()[pri:0, instance:tests.Login@3fc2959f]" started-at="2024-07-13T19:17:41 IST" name="tearDown" finished-at="2024-07-13T19:17:44 IST" duration-ms="2513" status="PASS">
          <reporter-output>
          </reporter-output>
        </test-method> <!-- tearDown -->
        <test-method signature="verifyLoginFunctionality(java.util.HashMap)[pri:0, instance:tests.Login@3fc2959f]" started-at="2024-07-13T19:17:44 IST" name="verifyLoginFunctionality" data-provider="dataSupplierOne" finished-at="2024-07-13T19:17:57 IST" duration-ms="13186" status="FAIL">
          <params>
            <param index="0">
              <value>
                <![CDATA[{Runmode=Y, ExpectedResult=Failure, Username=arunbatch3@gmail.com, Browser=Edge, Password=abcmn}]]>
              </value>
            </param>
          </params>
          <exception class="java.lang.AssertionError">
            <message>
              <![CDATA[expected [false] but found [true]]]>
            </message>
            <full-stacktrace>
              <![CDATA[java.lang.AssertionError: expected [false] but found [true]
at org.testng.Assert.fail(Assert.java:111)
at org.testng.Assert.failNotEquals(Assert.java:1578)
at org.testng.Assert.assertFalse(Assert.java:79)
at org.testng.Assert.assertFalse(Assert.java:89)
at tests.Login.verifyLoginFunctionality(Login.java:62)
at java.base/jdk.internal.reflect.DirectMethodHandleAccessor.invoke(DirectMethodHandleAccessor.java:103)
at java.base/java.lang.reflect.Method.invoke(Method.java:580)
at org.testng.internal.invokers.MethodInvocationHelper.invokeMethod(MethodInvocationHelper.java:141)
at org.testng.internal.invokers.TestInvoker.invokeMethod(TestInvoker.java:686)
at org.testng.internal.invokers.TestInvoker.invokeTestMethod(TestInvoker.java:230)
at org.testng.internal.invokers.MethodRunner.runInSequence(MethodRunner.java:63)
at org.testng.internal.invokers.TestInvoker$MethodInvocationAgent.invoke(TestInvoker.java:992)
at org.testng.internal.invokers.TestInvoker.invokeTestMethods(TestInvoker.java:203)
at org.testng.internal.invokers.TestMethodWorker.invokeTestMethods(TestMethodWorker.java:154)
at org.testng.internal.invokers.TestMethodWorker.run(TestMethodWorker.java:134)
at java.base/java.util.ArrayList.forEach(ArrayList.java:1596)
at org.testng.TestRunner.privateRun(TestRunner.java:739)
at org.testng.TestRunner.run(TestRunner.java:614)
at org.testng.SuiteRunner.runTest(SuiteRunner.java:421)
at org.testng.SuiteRunner.runSequentially(SuiteRunner.java:413)
at org.testng.SuiteRunner.privateRun(SuiteRunner.java:373)
at org.testng.SuiteRunner.run(SuiteRunner.java:312)
at org.testng.SuiteRunnerWorker.runSuite(SuiteRunnerWorker.java:52)
at org.testng.SuiteRunnerWorker.run(SuiteRunnerWorker.java:95)
at org.testng.TestNG.runSuitesSequentially(TestNG.java:1274)
at org.testng.TestNG.runSuitesLocally(TestNG.java:1208)
at org.testng.TestNG.runSuites(TestNG.java:1112)
at org.testng.TestNG.run(TestNG.java:1079)
at org.testng.remote.AbstractRemoteTestNG.run(AbstractRemoteTestNG.java:115)
at org.testng.remote.RemoteTestNG.initAndRun(RemoteTestNG.java:293)
at org.testng.remote.RemoteTestNG.main(RemoteTestNG.java:91)
]]>
            </full-stacktrace>
          </exception> <!-- java.lang.AssertionError -->
          <reporter-output>
          </reporter-output>
        </test-method> <!-- verifyLoginFunctionality -->
        <test-method is-config="true" signature="tearDown()[pri:0, instance:tests.Login@3fc2959f]" started-at="2024-07-13T19:17:58 IST" name="tearDown" finished-at="2024-07-13T19:17:59 IST" duration-ms="1820" status="PASS">
          <reporter-output>
          </reporter-output>
        </test-method> <!-- tearDown -->
      </class> <!-- tests.Login -->
      <class name="tests.Search">
        <test-method signature="verifySearchFunctionality(java.util.HashMap)[pri:0, instance:tests.Search@5aa9e4eb]" started-at="2024-07-13T19:18:00 IST" name="verifySearchFunctionality" data-provider="searchDataProvider" finished-at="2024-07-13T19:18:18 IST" duration-ms="17929" status="PASS">
          <params>
            <param index="0">
              <value>
                <![CDATA[{ExpectedProduct=HP LP3065, Runmode=Y, ExpectedResult=Success, SearchText=HP, Browser=Firefox}]]>
              </value>
            </param>
          </params>
          <reporter-output>
          </reporter-output>
        </test-method> <!-- verifySearchFunctionality -->
        <test-method is-config="true" signature="tearDown()[pri:0, instance:tests.Search@5aa9e4eb]" started-at="2024-07-13T19:18:18 IST" name="tearDown" finished-at="2024-07-13T19:18:20 IST" duration-ms="2596" status="PASS">
          <reporter-output>
          </reporter-output>
        </test-method> <!-- tearDown -->
        <test-method signature="verifySearchFunctionality(java.util.HashMap)[pri:0, instance:tests.Search@5aa9e4eb]" started-at="2024-07-13T19:18:20 IST" name="verifySearchFunctionality" data-provider="searchDataProvider" finished-at="2024-07-13T19:18:29 IST" duration-ms="8669" status="PASS">
          <params>
            <param index="0">
              <value>
                <![CDATA[{ExpectedProduct=There is no product that matches the search criteria., Runmode=Y, ExpectedResult=Failure, SearchText=Honda, Browser=Chrome}]]>
              </value>
            </param>
          </params>
          <reporter-output>
          </reporter-output>
        </test-method> <!-- verifySearchFunctionality -->
        <test-method is-config="true" signature="tearDown()[pri:0, instance:tests.Search@5aa9e4eb]" started-at="2024-07-13T19:18:29 IST" name="tearDown" finished-at="2024-07-13T19:18:29 IST" duration-ms="586" status="PASS">
          <reporter-output>
          </reporter-output>
        </test-method> <!-- tearDown -->
        <test-method signature="verifySearchFunctionality(java.util.HashMap)[pri:0, instance:tests.Search@5aa9e4eb]" started-at="2024-07-13T19:18:29 IST" name="verifySearchFunctionality" data-provider="searchDataProvider" finished-at="2024-07-13T19:18:40 IST" duration-ms="10930" status="PASS">
          <params>
            <param index="0">
              <value>
                <![CDATA[{ExpectedProduct=There is no product that matches the search criteria., Runmode=Y, ExpectedResult=Failure, SearchText=Wipro, Browser=Edge}]]>
              </value>
            </param>
          </params>
          <reporter-output>
          </reporter-output>
        </test-method> <!-- verifySearchFunctionality -->
        <test-method is-config="true" signature="tearDown()[pri:0, instance:tests.Search@5aa9e4eb]" started-at="2024-07-13T19:18:40 IST" name="tearDown" finished-at="2024-07-13T19:18:42 IST" duration-ms="1954" status="PASS">
          <reporter-output>
          </reporter-output>
        </test-method> <!-- tearDown -->
      </class> <!-- tests.Search -->
      <class name="tests.Register">
        <test-method signature="verifyRegisterFunctionality(java.util.HashMap)[pri:0, instance:tests.Register@65fb9ffc]" started-at="2024-07-13T19:15:53 IST" name="verifyRegisterFunctionality" data-provider="registerDataProvider" finished-at="2024-07-13T19:16:23 IST" duration-ms="30043" status="PASS">
          <params>
            <param index="0">
              <value>
                <![CDATA[{Email=autogenerate, ExpectedResult=Success, Telephone=1.23456789E9, FirstName=Kishore, PasswordConfirm=abcde, Runmode=Y, LastName=Ravi, Browser=Firefox, Password=abcde}]]>
              </value>
            </param>
          </params>
          <reporter-output>
          </reporter-output>
        </test-method> <!-- verifyRegisterFunctionality -->
        <test-method is-config="true" signature="tearDown()[pri:0, instance:tests.Register@65fb9ffc]" started-at="2024-07-13T19:16:23 IST" name="tearDown" finished-at="2024-07-13T19:16:26 IST" duration-ms="2939" status="PASS">
          <reporter-output>
          </reporter-output>
        </test-method> <!-- tearDown -->
        <test-method signature="verifyRegisterFunctionality(java.util.HashMap)[pri:0, instance:tests.Register@65fb9ffc]" started-at="2024-07-13T19:16:26 IST" name="verifyRegisterFunctionality" data-provider="registerDataProvider" finished-at="2024-07-13T19:16:26 IST" duration-ms="19" status="SKIP">
          <params>
            <param index="0">
              <value>
                <![CDATA[{Email=autogenerate, ExpectedResult=Success, Telephone=1.234567891E9, FirstName=Google, PasswordConfirm=efghi, Runmode=N, LastName=Pichai, Browser=Chrome, Password=efghi}]]>
              </value>
            </param>
          </params>
          <exception class="org.testng.SkipException">
            <message>
              <![CDATA[Run mode is set N, hence test got skipped]]>
            </message>
            <full-stacktrace>
              <![CDATA[org.testng.SkipException: Run mode is set N, hence test got skipped
at tests.Register.verifyRegisterFunctionality(Register.java:43)
at java.base/jdk.internal.reflect.DirectMethodHandleAccessor.invoke(DirectMethodHandleAccessor.java:103)
at java.base/java.lang.reflect.Method.invoke(Method.java:580)
at org.testng.internal.invokers.MethodInvocationHelper.invokeMethod(MethodInvocationHelper.java:141)
at org.testng.internal.invokers.TestInvoker.invokeMethod(TestInvoker.java:686)
at org.testng.internal.invokers.TestInvoker.invokeTestMethod(TestInvoker.java:230)
at org.testng.internal.invokers.MethodRunner.runInSequence(MethodRunner.java:63)
at org.testng.internal.invokers.TestInvoker$MethodInvocationAgent.invoke(TestInvoker.java:992)
at org.testng.internal.invokers.TestInvoker.invokeTestMethods(TestInvoker.java:203)
at org.testng.internal.invokers.TestMethodWorker.invokeTestMethods(TestMethodWorker.java:154)
at org.testng.internal.invokers.TestMethodWorker.run(TestMethodWorker.java:134)
at java.base/java.util.ArrayList.forEach(ArrayList.java:1596)
at org.testng.TestRunner.privateRun(TestRunner.java:739)
at org.testng.TestRunner.run(TestRunner.java:614)
at org.testng.SuiteRunner.runTest(SuiteRunner.java:421)
at org.testng.SuiteRunner.runSequentially(SuiteRunner.java:413)
at org.testng.SuiteRunner.privateRun(SuiteRunner.java:373)
at org.testng.SuiteRunner.run(SuiteRunner.java:312)
at org.testng.SuiteRunnerWorker.runSuite(SuiteRunnerWorker.java:52)
at org.testng.SuiteRunnerWorker.run(SuiteRunnerWorker.java:95)
at org.testng.TestNG.runSuitesSequentially(TestNG.java:1274)
at org.testng.TestNG.runSuitesLocally(TestNG.java:1208)
at org.testng.TestNG.runSuites(TestNG.java:1112)
at org.testng.TestNG.run(TestNG.java:1079)
at org.testng.remote.AbstractRemoteTestNG.run(AbstractRemoteTestNG.java:115)
at org.testng.remote.RemoteTestNG.initAndRun(RemoteTestNG.java:293)
at org.testng.remote.RemoteTestNG.main(RemoteTestNG.java:91)
]]>
            </full-stacktrace>
          </exception> <!-- org.testng.SkipException -->
          <reporter-output>
          </reporter-output>
        </test-method> <!-- verifyRegisterFunctionality -->
        <test-method is-config="true" signature="tearDown()[pri:0, instance:tests.Register@65fb9ffc]" started-at="2024-07-13T19:16:26 IST" name="tearDown" finished-at="2024-07-13T19:16:26 IST" duration-ms="1" status="PASS">
          <reporter-output>
          </reporter-output>
        </test-method> <!-- tearDown -->
        <test-method signature="verifyRegisterFunctionality(java.util.HashMap)[pri:0, instance:tests.Register@65fb9ffc]" started-at="2024-07-13T19:16:26 IST" name="verifyRegisterFunctionality" data-provider="registerDataProvider" finished-at="2024-07-13T19:16:48 IST" duration-ms="21577" status="PASS">
          <params>
            <param index="0">
              <value>
                <![CDATA[{Email=autogenerate, ExpectedResult=Success, Telephone=1.234567892E9, FirstName=Microsoft, PasswordConfirm=jklmn, Runmode=Y, LastName=Nadella, Browser=Firefox, Password=jklmn}]]>
              </value>
            </param>
          </params>
          <reporter-output>
          </reporter-output>
        </test-method> <!-- verifyRegisterFunctionality -->
        <test-method is-config="true" signature="tearDown()[pri:0, instance:tests.Register@65fb9ffc]" started-at="2024-07-13T19:16:48 IST" name="tearDown" finished-at="2024-07-13T19:16:50 IST" duration-ms="2319" status="PASS">
          <reporter-output>
          </reporter-output>
        </test-method> <!-- tearDown -->
        <test-method signature="verifyRegisterFunctionality(java.util.HashMap)[pri:0, instance:tests.Register@65fb9ffc]" started-at="2024-07-13T19:16:50 IST" name="verifyRegisterFunctionality" data-provider="registerDataProvider" finished-at="2024-07-13T19:17:07 IST" duration-ms="17104" status="PASS">
          <params>
            <param index="0">
              <value>
                <![CDATA[{Email=autogenerate, ExpectedResult=Success, Telephone=1.234567893E9, FirstName=Facebook, PasswordConfirm=opqrs, Runmode=Y, LastName=Zukerburg, Browser=Edge, Password=opqrs}]]>
              </value>
            </param>
          </params>
          <reporter-output>
          </reporter-output>
        </test-method> <!-- verifyRegisterFunctionality -->
        <test-method is-config="true" signature="tearDown()[pri:0, instance:tests.Register@65fb9ffc]" started-at="2024-07-13T19:17:07 IST" name="tearDown" finished-at="2024-07-13T19:17:09 IST" duration-ms="1842" status="PASS">
          <reporter-output>
          </reporter-output>
        </test-method> <!-- tearDown -->
      </class> <!-- tests.Register -->
    </test> <!-- Test -->
  </suite> <!-- Suite -->
</testng-results>
